<?xml version="1.0" encoding="UTF-8"?>
<robot generator="Robot 7.1.1 (Python 3.13.1 on win32)" generated="2025-01-27T07:30:20.396692" rpa="false" schemaversion="5">
<suite id="s1" name="Lomake" source="C:\Users\Olli\Desktop\RobotFramework\lomake\Lomake.robot">
<test id="s1-t1" name="Käy lomake lävitse" line="13">
<kw name="Open Browser" owner="SeleniumLibrary" type="SETUP">
<msg time="2025-01-27T07:30:20.759755" level="INFO">Opening browser 'chrome' to base url 'https://nimipalvelu.dvv.fi/suosituimmat-etunimet'.</msg>
<arg>${url}</arg>
<arg>${browser}</arg>
<doc>Opens a new browser instance to the optional ``url``.</doc>
<status status="PASS" start="2025-01-27T07:30:20.759449" elapsed="2.306049"/>
</kw>
<kw name="Hae Etunimi Ja Sukunimi" owner="Nimihaku">
<kw name="Maximize Browser Window" owner="SeleniumLibrary">
<doc>Maximizes current browser window.</doc>
<status status="PASS" start="2025-01-27T07:30:23.066713" elapsed="0.052793"/>
</kw>
<kw name="Get Text" owner="SeleniumLibrary">
<msg time="2025-01-27T07:30:23.212902" level="INFO">${first_name} = Juhani</msg>
<var>${first_name}</var>
<arg>${fetch_first}</arg>
<doc>Returns the text value of the element identified by ``locator``.</doc>
<status status="PASS" start="2025-01-27T07:30:23.119776" elapsed="0.093189"/>
</kw>
<kw name="Click Element" owner="SeleniumLibrary">
<msg time="2025-01-27T07:30:23.213321" level="INFO">Clicking element '//*[@id="content"]/section/div/div/nav/ul/li[5]/a'.</msg>
<arg>${fetch_lastUrl}</arg>
<doc>Click the element identified by ``locator``.</doc>
<status status="PASS" start="2025-01-27T07:30:23.213119" elapsed="0.086087"/>
</kw>
<kw name="Wait Until Page Contains Element" owner="SeleniumLibrary">
<arg>${fetch_last}</arg>
<doc>Waits until the element ``locator`` appears on the current page.</doc>
<status status="PASS" start="2025-01-27T07:30:23.299482" elapsed="0.224285"/>
</kw>
<kw name="Get Table Cell" owner="SeleniumLibrary">
<msg time="2025-01-27T07:30:23.609407" level="INFO">${last_name} = Korhonen</msg>
<var>${last_name}</var>
<arg>${fetch_last}</arg>
<arg>2</arg>
<arg>2</arg>
<doc>Returns contents of a table cell.</doc>
<status status="PASS" start="2025-01-27T07:30:23.524015" elapsed="0.085434"/>
</kw>
<kw name="Close Browser" owner="SeleniumLibrary">
<doc>Closes the current browser.</doc>
<status status="PASS" start="2025-01-27T07:30:23.609606" elapsed="2.145950"/>
</kw>
<return>
<value>${first_name}</value>
<value>${last_name}</value>
<status status="PASS" start="2025-01-27T07:30:25.755899" elapsed="0.000248"/>
</return>
<msg time="2025-01-27T07:30:25.757308" level="INFO">${first_name} = Juhani</msg>
<msg time="2025-01-27T07:30:25.757503" level="INFO">${last_name} = Korhonen</msg>
<var>${first_name}</var>
<var>${last_name}</var>
<status status="PASS" start="2025-01-27T07:30:23.066061" elapsed="2.691580"/>
</kw>
<kw name="Avaa Lomakesivu" owner="Form">
<kw name="Open Browser" owner="SeleniumLibrary">
<msg time="2025-01-27T07:30:25.761281" level="INFO">Opening browser 'chrome' to base url 'https://www.w3schools.com/html/html_forms.asp'.</msg>
<arg>${url_w3}</arg>
<arg>${browser}</arg>
<doc>Opens a new browser instance to the optional ``url``.</doc>
<status status="PASS" start="2025-01-27T07:30:25.760550" elapsed="2.473237"/>
</kw>
<kw name="Maximize Browser Window" owner="SeleniumLibrary">
<doc>Maximizes current browser window.</doc>
<status status="PASS" start="2025-01-27T07:30:28.234079" elapsed="0.055540"/>
</kw>
<kw name="Wait Until Page Contains Element" owner="SeleniumLibrary">
<arg>${accept}</arg>
<doc>Waits until the element ``locator`` appears on the current page.</doc>
<status status="PASS" start="2025-01-27T07:30:28.289775" elapsed="0.028918"/>
</kw>
<kw name="Click Element" owner="SeleniumLibrary">
<msg time="2025-01-27T07:30:28.319045" level="INFO">Clicking element 'css:div#accept-choices'.</msg>
<arg>${accept}</arg>
<doc>Click the element identified by ``locator``.</doc>
<status status="PASS" start="2025-01-27T07:30:28.318852" elapsed="0.121581"/>
</kw>
<status status="PASS" start="2025-01-27T07:30:25.759299" elapsed="2.681266"/>
</kw>
<kw name="Täytä Ja Lähetä Lomake" owner="Form">
<kw name="Input Text" owner="SeleniumLibrary">
<msg time="2025-01-27T07:30:28.441663" level="INFO">Typing text 'Juhani' into text field 'css:input[name='fname']'.</msg>
<arg>${first_names}</arg>
<arg>${first_name}</arg>
<doc>Types the given ``text`` into the text field identified by ``locator``.</doc>
<status status="PASS" start="2025-01-27T07:30:28.441418" elapsed="0.572745"/>
</kw>
<kw name="Input Text" owner="SeleniumLibrary">
<msg time="2025-01-27T07:30:29.014800" level="INFO">Typing text 'Korhonen' into text field 'css:input[name='lname']'.</msg>
<arg>${last_names}</arg>
<arg>${last_name}</arg>
<doc>Types the given ``text`` into the text field identified by ``locator``.</doc>
<status status="PASS" start="2025-01-27T07:30:29.014420" elapsed="0.141605"/>
</kw>
<kw name="Click Element" owner="SeleniumLibrary">
<msg time="2025-01-27T07:30:29.156505" level="INFO">Clicking element 'css:input[type=submit]'.</msg>
<arg>${submit}</arg>
<doc>Click the element identified by ``locator``.</doc>
<status status="PASS" start="2025-01-27T07:30:29.156273" elapsed="0.221996"/>
</kw>
<kw name="Switch Window" owner="SeleniumLibrary">
<arg>NEW</arg>
<doc>Switches to browser window matching ``locator``.</doc>
<status status="PASS" start="2025-01-27T07:30:29.378555" elapsed="0.025880"/>
</kw>
<arg>${first_name}</arg>
<arg>${last_name}</arg>
<status status="PASS" start="2025-01-27T07:30:28.440971" elapsed="0.963646"/>
</kw>
<kw name="Tarkista Lomakkeen Lähetys" owner="Form">
<kw name="Wait Until Page Contains" owner="SeleniumLibrary">
<arg>${etunimi}</arg>
<arg>10s</arg>
<doc>Waits until ``text`` appears on the current page.</doc>
<status status="PASS" start="2025-01-27T07:30:29.409950" elapsed="0.214035"/>
</kw>
<kw name="Page Should Contain" owner="SeleniumLibrary">
<msg time="2025-01-27T07:30:29.658279" level="INFO">Current page contains text 'Juhani'.</msg>
<arg>${etunimi}</arg>
<arg>10s</arg>
<doc>Verifies that current page contains ``text``.</doc>
<status status="PASS" start="2025-01-27T07:30:29.624268" elapsed="0.034150"/>
</kw>
<kw name="Page Should Contain" owner="SeleniumLibrary">
<msg time="2025-01-27T07:30:29.690530" level="INFO">Current page contains text 'Korhonen'.</msg>
<arg>${sukunimi}</arg>
<doc>Verifies that current page contains ``text``.</doc>
<status status="PASS" start="2025-01-27T07:30:29.658671" elapsed="0.032044"/>
</kw>
<arg>${first_name}</arg>
<arg>${last_name}</arg>
<status status="PASS" start="2025-01-27T07:30:29.409129" elapsed="0.281720"/>
</kw>
<kw name="Close Browser" owner="SeleniumLibrary" type="TEARDOWN">
<doc>Closes the current browser.</doc>
<status status="PASS" start="2025-01-27T07:30:29.691231" elapsed="2.187211"/>
</kw>
<doc>Käy lomakkeen läpi eri nimillä ja tarkistaa tuloksen.</doc>
<status status="PASS" start="2025-01-27T07:30:20.757943" elapsed="11.121197"/>
</test>
<status status="PASS" start="2025-01-27T07:30:20.398466" elapsed="11.483995"/>
</suite>
<statistics>
<total>
<stat pass="1" fail="0" skip="0">All Tests</stat>
</total>
<tag>
</tag>
<suite>
<stat pass="1" fail="0" skip="0" id="s1" name="Lomake">Lomake</stat>
</suite>
</statistics>
<errors>
</errors>
</robot>
