<?xml version="1.0" encoding="UTF-8"?>
<robot generator="Robot 7.1.1 (Python 3.13.1 on win32)" generated="2025-01-22T16:35:56.730802" rpa="false" schemaversion="5">
<suite id="s1" name="Wikipedia" source="C:\Users\Olli\Desktop\RobotFramework\Wikipedia\Wikipedia.robot">
<test id="s1-t1" name="Wikipedian aukasu" line="18">
<kw name="Open Browser" owner="SeleniumLibrary" type="SETUP">
<msg time="2025-01-22T16:35:57.086475" level="INFO">Opening browser 'chrome' to base url 'https://fi.wikipedia.org/wiki/Wikipedia:Etusivu'.</msg>
<arg>${wikipedia}</arg>
<arg>chrome</arg>
<doc>Opens a new browser instance to the optional ``url``.</doc>
<status status="PASS" start="2025-01-22T16:35:57.086229" elapsed="2.180230"/>
</kw>
<kw name="Maximize Browser Window" owner="SeleniumLibrary">
<doc>Maximizes current browser window.</doc>
<status status="PASS" start="2025-01-22T16:35:59.266852" elapsed="0.024817"/>
</kw>
<for flavor="IN">
<iter>
<kw name="Input Text" owner="SeleniumLibrary">
<msg time="2025-01-22T16:35:59.293431" level="INFO">Typing text 'Robot Framework' into text field '//*[@id="searchInput"]'.</msg>
<arg>${haku}</arg>
<arg>${sivu}</arg>
<doc>Types the given ``text`` into the text field identified by ``locator``.</doc>
<status status="PASS" start="2025-01-22T16:35:59.292705" elapsed="0.207024"/>
</kw>
<kw name="Press Keys" owner="SeleniumLibrary">
<msg time="2025-01-22T16:35:59.500274" level="INFO">Sending key(s) ('RETURN',) to //*[@id="searchInput"] element.</msg>
<msg time="2025-01-22T16:35:59.828473" level="INFO">Pressing special key RETURN to element.</msg>
<msg time="2025-01-22T16:35:59.828836" level="INFO">Releasing special key RETURN.</msg>
<arg>${haku}</arg>
<arg>RETURN</arg>
<doc>Simulates the user pressing key(s) to an element or on the active browser.</doc>
<status status="PASS" start="2025-01-22T16:35:59.499907" elapsed="0.745832"/>
</kw>
<kw name="Sleep" owner="BuiltIn">
<msg time="2025-01-22T16:36:02.248928" level="INFO">Slept 2 seconds.</msg>
<arg>2s</arg>
<doc>Pauses the test executed for the given time.</doc>
<status status="PASS" start="2025-01-22T16:36:00.247168" elapsed="2.001853"/>
</kw>
<kw name="Page Should Contain" owner="SeleniumLibrary">
<msg time="2025-01-22T16:36:02.266027" level="INFO">Current page contains text 'Robot Framework'.</msg>
<arg>${sivu}</arg>
<doc>Verifies that current page contains ``text``.</doc>
<status status="PASS" start="2025-01-22T16:36:02.249175" elapsed="0.016935"/>
</kw>
<var name="${key}">sivu1</var>
<var name="${sivu}">Robot Framework</var>
<status status="PASS" start="2025-01-22T16:35:59.292462" elapsed="2.973714"/>
</iter>
<iter>
<kw name="Input Text" owner="SeleniumLibrary">
<msg time="2025-01-22T16:36:02.266647" level="INFO">Typing text 'Selenium' into text field '//*[@id="searchInput"]'.</msg>
<arg>${haku}</arg>
<arg>${sivu}</arg>
<doc>Types the given ``text`` into the text field identified by ``locator``.</doc>
<status status="PASS" start="2025-01-22T16:36:02.266455" elapsed="0.091334"/>
</kw>
<kw name="Press Keys" owner="SeleniumLibrary">
<msg time="2025-01-22T16:36:02.358312" level="INFO">Sending key(s) ('RETURN',) to //*[@id="searchInput"] element.</msg>
<msg time="2025-01-22T16:36:02.716634" level="INFO">Pressing special key RETURN to element.</msg>
<msg time="2025-01-22T16:36:02.716798" level="INFO">Releasing special key RETURN.</msg>
<arg>${haku}</arg>
<arg>RETURN</arg>
<doc>Simulates the user pressing key(s) to an element or on the active browser.</doc>
<status status="PASS" start="2025-01-22T16:36:02.357957" elapsed="0.851123"/>
</kw>
<kw name="Sleep" owner="BuiltIn">
<msg time="2025-01-22T16:36:05.209985" level="INFO">Slept 2 seconds.</msg>
<arg>2s</arg>
<doc>Pauses the test executed for the given time.</doc>
<status status="PASS" start="2025-01-22T16:36:03.209236" elapsed="2.000966"/>
</kw>
<kw name="Page Should Contain" owner="SeleniumLibrary">
<msg time="2025-01-22T16:36:05.251967" level="INFO">Current page contains text 'Selenium'.</msg>
<arg>${sivu}</arg>
<doc>Verifies that current page contains ``text``.</doc>
<status status="PASS" start="2025-01-22T16:36:05.210584" elapsed="0.041492"/>
</kw>
<var name="${key}">sivu2</var>
<var name="${sivu}">Selenium</var>
<status status="PASS" start="2025-01-22T16:36:02.266351" elapsed="2.985814"/>
</iter>
<iter>
<kw name="Input Text" owner="SeleniumLibrary">
<msg time="2025-01-22T16:36:05.252804" level="INFO">Typing text 'Tietotekniikka' into text field '//*[@id="searchInput"]'.</msg>
<arg>${haku}</arg>
<arg>${sivu}</arg>
<doc>Types the given ``text`` into the text field identified by ``locator``.</doc>
<status status="PASS" start="2025-01-22T16:36:05.252532" elapsed="0.109847"/>
</kw>
<kw name="Press Keys" owner="SeleniumLibrary">
<msg time="2025-01-22T16:36:05.362933" level="INFO">Sending key(s) ('RETURN',) to //*[@id="searchInput"] element.</msg>
<msg time="2025-01-22T16:36:05.685537" level="INFO">Pressing special key RETURN to element.</msg>
<msg time="2025-01-22T16:36:05.685744" level="INFO">Releasing special key RETURN.</msg>
<arg>${haku}</arg>
<arg>RETURN</arg>
<doc>Simulates the user pressing key(s) to an element or on the active browser.</doc>
<status status="PASS" start="2025-01-22T16:36:05.362550" elapsed="0.831989"/>
</kw>
<kw name="Sleep" owner="BuiltIn">
<msg time="2025-01-22T16:36:08.195064" level="INFO">Slept 2 seconds.</msg>
<arg>2s</arg>
<doc>Pauses the test executed for the given time.</doc>
<status status="PASS" start="2025-01-22T16:36:06.194700" elapsed="2.000512"/>
</kw>
<kw name="Page Should Contain" owner="SeleniumLibrary">
<msg time="2025-01-22T16:36:08.235302" level="INFO">Current page contains text 'Tietotekniikka'.</msg>
<arg>${sivu}</arg>
<doc>Verifies that current page contains ``text``.</doc>
<status status="PASS" start="2025-01-22T16:36:08.195468" elapsed="0.039915"/>
</kw>
<var name="${key}">sivu3</var>
<var name="${sivu}">Tietotekniikka</var>
<status status="PASS" start="2025-01-22T16:36:05.252392" elapsed="2.983072"/>
</iter>
<var>${key}</var>
<var>${sivu}</var>
<value>&amp;{lista}</value>
<status status="PASS" start="2025-01-22T16:35:59.291998" elapsed="8.943529"/>
</for>
<kw name="Sleep" owner="BuiltIn">
<msg time="2025-01-22T16:36:10.236525" level="INFO">Slept 2 seconds.</msg>
<arg>2s</arg>
<doc>Pauses the test executed for the given time.</doc>
<status status="PASS" start="2025-01-22T16:36:08.235857" elapsed="2.000826"/>
</kw>
<kw name="Close Browser" owner="SeleniumLibrary" type="TEARDOWN">
<doc>Closes the current browser.</doc>
<status status="PASS" start="2025-01-22T16:36:10.237097" elapsed="2.160653"/>
</kw>
<status status="PASS" start="2025-01-22T16:35:57.085270" elapsed="15.313219"/>
</test>
<status status="PASS" start="2025-01-22T16:35:56.732380" elapsed="15.669205"/>
</suite>
<statistics>
<total>
<stat pass="1" fail="0" skip="0">All Tests</stat>
</total>
<tag>
</tag>
<suite>
<stat pass="1" fail="0" skip="0" id="s1" name="Wikipedia">Wikipedia</stat>
</suite>
</statistics>
<errors>
</errors>
</robot>
