<?xml version="1.0" encoding="UTF-8"?>
<robot generator="Robot 7.1.1 (Python 3.13.1 on win32)" generated="2025-01-21T16:03:32.919841" rpa="false" schemaversion="5">
<suite id="s1" name="SääCheck" source="C:\Users\Olli\Desktop\RobotFramework\SääCheck\SääCheck.robot">
<test id="s1-t1" name="Lämpötilan checkaus" line="21">
<kw name="Open Browser" owner="SeleniumLibrary" type="SETUP">
<msg time="2025-01-21T16:03:33.258915" level="INFO">Opening browser 'chrome' to base url 'https://www.ilmatieteenlaitos.fi/'.</msg>
<arg>${startti}</arg>
<arg>chrome</arg>
<doc>Opens a new browser instance to the optional ``url``.</doc>
<status status="PASS" start="2025-01-21T16:03:33.258683" elapsed="2.272601"/>
</kw>
<kw name="Maximize Browser Window" owner="SeleniumLibrary">
<doc>Maximizes current browser window.</doc>
<status status="PASS" start="2025-01-21T16:03:35.531653" elapsed="0.040098"/>
</kw>
<kw name="Click Button" owner="SeleniumLibrary">
<msg time="2025-01-21T16:03:35.572420" level="INFO">Clicking button '//*[@id="cookie-consent-content"]/div/div/div[2]/button[2]'.</msg>
<arg>${buttonEväste}</arg>
<doc>Clicks the button identified by ``locator``.</doc>
<status status="PASS" start="2025-01-21T16:03:35.572070" elapsed="1.138580"/>
</kw>
<kw name="Input Text" owner="SeleniumLibrary">
<msg time="2025-01-21T16:03:36.711498" level="INFO">Typing text 'Helsinki' into text field '//*[@id="header-search-location-field"]'.</msg>
<arg>${hakuValikko}</arg>
<arg>${kaupungit}[0]</arg>
<doc>Types the given ``text`` into the text field identified by ``locator``.</doc>
<status status="PASS" start="2025-01-21T16:03:36.711069" elapsed="0.121653"/>
</kw>
<kw name="Press Keys" owner="SeleniumLibrary">
<msg time="2025-01-21T16:03:36.833407" level="INFO">Sending key(s) ('RETURN',) to //*[@id="header-search-location-field"] element.</msg>
<msg time="2025-01-21T16:03:37.121721" level="INFO">Pressing special key RETURN to element.</msg>
<msg time="2025-01-21T16:03:37.122066" level="INFO">Releasing special key RETURN.</msg>
<arg>${hakuValikko}</arg>
<arg>RETURN</arg>
<doc>Simulates the user pressing key(s) to an element or on the active browser.</doc>
<status status="PASS" start="2025-01-21T16:03:36.833039" elapsed="0.367089"/>
</kw>
<kw name="Wait Until Element Is Visible" owner="SeleniumLibrary">
<arg>${listaEka}</arg>
<arg>timeout=10s</arg>
<doc>Waits until the element ``locator`` is visible.</doc>
<status status="PASS" start="2025-01-21T16:03:37.202321" elapsed="1.329593"/>
</kw>
<kw name="Get Table Cell" owner="SeleniumLibrary">
<msg time="2025-01-21T16:03:38.750236" level="INFO">${arvo} = Päivämäärät</msg>
<var>${arvo}</var>
<arg>${listaEka}</arg>
<arg>1</arg>
<arg>1</arg>
<doc>Returns contents of a table cell.</doc>
<status status="PASS" start="2025-01-21T16:03:38.532212" elapsed="0.218063"/>
</kw>
<kw name="Log" owner="BuiltIn">
<msg time="2025-01-21T16:03:38.750749" level="INFO">Päivämäärät</msg>
<arg>${arvo}</arg>
<doc>Logs the given message with the given level.</doc>
<status status="PASS" start="2025-01-21T16:03:38.750597" elapsed="0.000198"/>
</kw>
<kw name="Sleep" owner="BuiltIn">
<msg time="2025-01-21T16:03:43.751984" level="INFO">Slept 5 seconds.</msg>
<arg>5s</arg>
<doc>Pauses the test executed for the given time.</doc>
<status status="PASS" start="2025-01-21T16:03:38.751015" elapsed="5.001266"/>
</kw>
<kw name="Close Browser" owner="SeleniumLibrary" type="TEARDOWN">
<doc>Closes the current browser.</doc>
<status status="PASS" start="2025-01-21T16:03:43.754558" elapsed="2.204811"/>
</kw>
<status status="PASS" start="2025-01-21T16:03:33.257719" elapsed="12.702425"/>
</test>
<status status="PASS" start="2025-01-21T16:03:32.921470" elapsed="13.042485"/>
</suite>
<statistics>
<total>
<stat pass="1" fail="0" skip="0">All Tests</stat>
</total>
<tag>
</tag>
<suite>
<stat pass="1" fail="0" skip="0" id="s1" name="SääCheck">SääCheck</stat>
</suite>
</statistics>
<errors>
</errors>
</robot>
