<?xml version="1.0" encoding="UTF-8"?>
<robot generator="Robot 7.1.1 (Python 3.13.1 on win32)" generated="2025-01-25T13:03:42.654308" rpa="false" schemaversion="5">
<suite id="s1" name="Lomake" source="C:\Users\Olli\Desktop\RobotFramework\Lomake\Lomake.robot">
<test id="s1-t1" name="Käy lomake lävitse" line="12">
<kw name="Open Browser" owner="SeleniumLibrary" type="SETUP">
<msg time="2025-01-25T13:03:43.161932" level="INFO">Opening browser 'chrome' to base url 'https://nimipalvelu.dvv.fi/suosituimmat-etunimet'.</msg>
<arg>${url}</arg>
<arg>${selain}</arg>
<doc>Opens a new browser instance to the optional ``url``.</doc>
<status status="PASS" start="2025-01-25T13:03:43.161685" elapsed="4.146779"/>
</kw>
<kw name="Hae Etunimi Ja Sukunimi" owner="Nimihaku">
<kw name="Maximize Browser Window" owner="SeleniumLibrary">
<doc>Maximizes current browser window.</doc>
<status status="PASS" start="2025-01-25T13:03:47.309668" elapsed="0.055227"/>
</kw>
<kw name="Get Text" owner="SeleniumLibrary">
<msg time="2025-01-25T13:03:47.445432" level="INFO">${etunimi} = Juhani</msg>
<var>${etunimi}</var>
<arg>${etunimi1}</arg>
<doc>Returns the text value of the element identified by ``locator``.</doc>
<status status="PASS" start="2025-01-25T13:03:47.365078" elapsed="0.080405"/>
</kw>
<kw name="Click Link" owner="SeleniumLibrary">
<msg time="2025-01-25T13:03:47.445834" level="INFO">Clicking link '//*[@id="content"]/section/div/div/nav/ul/li[5]/a'.</msg>
<arg>${sukunimiURL}</arg>
<doc>Clicks a link identified by ``locator``.</doc>
<status status="PASS" start="2025-01-25T13:03:47.445637" elapsed="0.084041"/>
</kw>
<kw name="Wait Until Page Contains Element" owner="SeleniumLibrary">
<arg>${sukunimi1}</arg>
<doc>Waits until the element ``locator`` appears on the current page.</doc>
<status status="PASS" start="2025-01-25T13:03:47.529887" elapsed="0.225381"/>
</kw>
<kw name="Get Table Cell" owner="SeleniumLibrary">
<msg time="2025-01-25T13:03:47.807300" level="INFO">${sukunimi} = Korhonen</msg>
<var>${sukunimi}</var>
<arg>${sukunimi1}</arg>
<arg>2</arg>
<arg>2</arg>
<doc>Returns contents of a table cell.</doc>
<status status="PASS" start="2025-01-25T13:03:47.755426" elapsed="0.051918"/>
</kw>
<kw name="Close Browser" owner="SeleniumLibrary">
<doc>Closes the current browser.</doc>
<status status="PASS" start="2025-01-25T13:03:47.807520" elapsed="2.133295"/>
</kw>
<return>
<value>${etunimi}</value>
<value>${sukunimi}</value>
<status status="PASS" start="2025-01-25T13:03:49.941161" elapsed="0.000212"/>
</return>
<msg time="2025-01-25T13:03:49.942167" level="INFO">${etunimi} = Juhani</msg>
<msg time="2025-01-25T13:03:49.942344" level="INFO">${sukunimi} = Korhonen</msg>
<var>${etunimi}</var>
<var>${sukunimi}</var>
<status status="PASS" start="2025-01-25T13:03:47.309060" elapsed="2.633421"/>
</kw>
<kw name="Avaa Lomakesivu" owner="Form">
<kw name="Open Browser" owner="SeleniumLibrary">
<msg time="2025-01-25T13:03:49.945349" level="INFO">Opening browser 'chrome' to base url 'https://www.w3schools.com/html/html_forms.asp'.</msg>
<arg>${url2}</arg>
<arg>${selain}</arg>
<doc>Opens a new browser instance to the optional ``url``.</doc>
<status status="PASS" start="2025-01-25T13:03:49.944628" elapsed="2.391970"/>
</kw>
<kw name="Wait Until Page Contains Element" owner="SeleniumLibrary">
<arg>${hyväksy}</arg>
<doc>Waits until the element ``locator`` appears on the current page.</doc>
<status status="PASS" start="2025-01-25T13:03:52.336776" elapsed="0.014447"/>
</kw>
<kw name="Click Element" owner="SeleniumLibrary">
<msg time="2025-01-25T13:03:52.351586" level="INFO">Clicking element '//*[@id="accept-choices"]'.</msg>
<arg>${hyväksy}</arg>
<doc>Click the element identified by ``locator``.</doc>
<status status="PASS" start="2025-01-25T13:03:52.351384" elapsed="0.126307"/>
</kw>
<status status="PASS" start="2025-01-25T13:03:49.943687" elapsed="2.534157"/>
</kw>
<kw name="Täytä Ja Lähetä Lomake" owner="Form">
<kw name="Clear Element Text" owner="SeleniumLibrary">
<arg>${etunimet}</arg>
<doc>Clears the value of the text-input-element identified by ``locator``.</doc>
<status status="PASS" start="2025-01-25T13:03:52.478894" elapsed="0.318199"/>
</kw>
<kw name="Input Text" owner="SeleniumLibrary">
<msg time="2025-01-25T13:03:52.797489" level="INFO">Typing text 'Juhani' into text field '//*[@id="fname"]'.</msg>
<arg>${etunimet}</arg>
<arg>${etunimi}</arg>
<doc>Types the given ``text`` into the text field identified by ``locator``.</doc>
<status status="PASS" start="2025-01-25T13:03:52.797259" elapsed="0.171705"/>
</kw>
<kw name="Input Text" owner="SeleniumLibrary">
<msg time="2025-01-25T13:03:52.969340" level="INFO">Typing text 'Korhonen' into text field '//*[@id="lname"]'.</msg>
<arg>${sukunimet}</arg>
<arg>${sukunimi}</arg>
<doc>Types the given ``text`` into the text field identified by ``locator``.</doc>
<status status="PASS" start="2025-01-25T13:03:52.969125" elapsed="0.170367"/>
</kw>
<kw name="Click Element" owner="SeleniumLibrary">
<msg time="2025-01-25T13:03:53.139858" level="INFO">Clicking element '//*[@id="main"]/div[3]/div/form/input[3]'.</msg>
<arg>${submit}</arg>
<doc>Click the element identified by ``locator``.</doc>
<status status="PASS" start="2025-01-25T13:03:53.139664" elapsed="0.107150"/>
</kw>
<kw name="Switch Window" owner="SeleniumLibrary">
<arg>NEW</arg>
<doc>Switches to browser window matching ``locator``.</doc>
<status status="PASS" start="2025-01-25T13:03:53.246995" elapsed="0.018654"/>
</kw>
<arg>${etunimi}</arg>
<arg>${sukunimi}</arg>
<status status="PASS" start="2025-01-25T13:03:52.478244" elapsed="0.787506"/>
</kw>
<kw name="Tarkista Lomakkeen Lähetys" owner="Form">
<kw name="Wait Until Page Contains" owner="SeleniumLibrary">
<arg>${etunimi}</arg>
<arg>10s</arg>
<doc>Waits until ``text`` appears on the current page.</doc>
<status status="PASS" start="2025-01-25T13:03:53.266362" elapsed="0.382579"/>
</kw>
<kw name="Page Should Contain" owner="SeleniumLibrary">
<msg time="2025-01-25T13:03:53.671666" level="INFO">Current page contains text 'Juhani'.</msg>
<arg>${etunimi}</arg>
<arg>10s</arg>
<doc>Verifies that current page contains ``text``.</doc>
<status status="PASS" start="2025-01-25T13:03:53.649234" elapsed="0.022563"/>
</kw>
<kw name="Page Should Contain" owner="SeleniumLibrary">
<msg time="2025-01-25T13:03:53.694791" level="INFO">Current page contains text 'Korhonen'.</msg>
<arg>${sukunimi}</arg>
<doc>Verifies that current page contains ``text``.</doc>
<status status="PASS" start="2025-01-25T13:03:53.672046" elapsed="0.022871"/>
</kw>
<arg>${etunimi}</arg>
<arg>${sukunimi}</arg>
<status status="PASS" start="2025-01-25T13:03:53.266051" elapsed="0.429018"/>
</kw>
<kw name="Close Browser" owner="SeleniumLibrary" type="TEARDOWN">
<doc>Closes the current browser.</doc>
<status status="PASS" start="2025-01-25T13:03:53.696307" elapsed="2.159895"/>
</kw>
<doc>Käy lomakkeen läpi eri nimillä ja tarkistaa tuloksen.</doc>
<status status="PASS" start="2025-01-25T13:03:43.160663" elapsed="12.696231"/>
</test>
<status status="PASS" start="2025-01-25T13:03:42.655782" elapsed="13.204271"/>
</suite>
<statistics>
<total>
<stat pass="1" fail="0" skip="0">All Tests</stat>
</total>
<tag>
</tag>
<suite>
<stat pass="1" fail="0" skip="0" id="s1" name="Lomake">Lomake</stat>
</suite>
</statistics>
<errors>
</errors>
</robot>
