<?xml version="1.0" encoding="UTF-8"?>
<robot generator="Robot 7.1.1 (Python 3.13.1 on win32)" generated="2025-01-28T15:01:12.379294" rpa="false" schemaversion="5">
<suite id="s1" name="Main" source="C:\Users\Olli\Desktop\RobotFramework\CreateAccount\Main.robot">
<test id="s1-t1" name="Navigate through Huutokaupat.com page and create an account" line="17">
<kw name="Open Browser" owner="SeleniumLibrary" type="SETUP">
<msg time="2025-01-28T15:01:12.695741" level="INFO">Opening browser 'chrome' to base url 'https://huutokaupat.com/'.</msg>
<arg>${link}</arg>
<arg>${browser}</arg>
<doc>Opens a new browser instance to the optional ``url``.</doc>
<status status="PASS" start="2025-01-28T15:01:12.695447" elapsed="1.853093"/>
</kw>
<kw name="Reject cookies" owner="MainPage">
<kw name="Maximize Browser Window" owner="SeleniumLibrary">
<doc>Maximizes current browser window.</doc>
<status status="PASS" start="2025-01-28T15:01:14.549302" elapsed="0.044338"/>
</kw>
<kw name="Wait Until Page Contains Element" owner="SeleniumLibrary">
<arg>${declinebutton}</arg>
<arg>10s</arg>
<doc>Waits until the element ``locator`` appears on the current page.</doc>
<status status="PASS" start="2025-01-28T15:01:14.593829" elapsed="1.519880"/>
</kw>
<kw name="Click Button" owner="SeleniumLibrary">
<msg time="2025-01-28T15:01:16.114071" level="INFO">Clicking button 'css:button#CybotCookiebotDialogBodyButtonDecline'.</msg>
<arg>${declinebutton}</arg>
<doc>Clicks the button identified by ``locator``.</doc>
<status status="PASS" start="2025-01-28T15:01:16.113871" elapsed="0.546875"/>
</kw>
<status status="PASS" start="2025-01-28T15:01:14.549016" elapsed="2.111846"/>
</kw>
<kw name="Click make an account" owner="MainPage">
<kw name="Wait Until Page Contains Element" owner="SeleniumLibrary">
<arg>${createbutton}</arg>
<doc>Waits until the element ``locator`` appears on the current page.</doc>
<status status="PASS" start="2025-01-28T15:01:16.661477" elapsed="0.010612"/>
</kw>
<kw name="Click Link" owner="SeleniumLibrary">
<msg time="2025-01-28T15:01:16.672458" level="INFO">Clicking link 'css:a[variant='default']'.</msg>
<arg>${createbutton}</arg>
<doc>Clicks a link identified by ``locator``.</doc>
<status status="PASS" start="2025-01-28T15:01:16.672253" elapsed="0.274951"/>
</kw>
<status status="PASS" start="2025-01-28T15:01:16.661219" elapsed="0.286104"/>
</kw>
<kw name="Create an account" owner="AccountPage">
<kw name="Generate Random String" owner="String">
<msg time="2025-01-28T15:01:16.948448" level="INFO">${email} = j2950yt7</msg>
<var>${email}</var>
<arg>8</arg>
<arg>0123456789abcdefghijklmnopqrstuwxyz</arg>
<doc>Generates a string with a desired ``length`` from the given ``chars``.</doc>
<status status="PASS" start="2025-01-28T15:01:16.948074" elapsed="0.000422"/>
</kw>
<kw name="Wait Until Page Contains Element" owner="SeleniumLibrary">
<arg>${emailbox}</arg>
<doc>Waits until the element ``locator`` appears on the current page.</doc>
<status status="PASS" start="2025-01-28T15:01:16.948690" elapsed="0.241198"/>
</kw>
<kw name="Input Text" owner="SeleniumLibrary">
<msg time="2025-01-28T15:01:17.190282" level="INFO">Typing text 'j2950yt7@gmail.com' into text field 'css:input[type=email]'.</msg>
<arg>${emailbox}</arg>
<arg>${email}@gmail.com</arg>
<doc>Types the given ``text`` into the text field identified by ``locator``.</doc>
<status status="PASS" start="2025-01-28T15:01:17.190051" elapsed="0.130152"/>
</kw>
<kw name="Sleep" owner="BuiltIn">
<msg time="2025-01-28T15:01:22.321145" level="INFO">Slept 5 seconds.</msg>
<arg>5s</arg>
<doc>Pauses the test executed for the given time.</doc>
<status status="PASS" start="2025-01-28T15:01:17.320371" elapsed="5.001067"/>
</kw>
<status status="PASS" start="2025-01-28T15:01:16.947704" elapsed="5.374115"/>
</kw>
<kw name="Close Browser" owner="SeleniumLibrary" type="TEARDOWN">
<doc>Closes the current browser.</doc>
<status status="PASS" start="2025-01-28T15:01:22.322974" elapsed="2.222679"/>
</kw>
<status status="PASS" start="2025-01-28T15:01:12.693762" elapsed="11.852650"/>
</test>
<status status="PASS" start="2025-01-28T15:01:12.381490" elapsed="12.168824"/>
</suite>
<statistics>
<total>
<stat pass="1" fail="0" skip="0">All Tests</stat>
</total>
<tag>
</tag>
<suite>
<stat pass="1" fail="0" skip="0" id="s1" name="Main">Main</stat>
</suite>
</statistics>
<errors>
</errors>
</robot>
