<?xml version="1.0" encoding="UTF-8"?>
<robot generator="Robot 7.1.1 (Python 3.13.1 on win32)" generated="2025-01-21T11:46:25.194361" rpa="false" schemaversion="5">
<suite id="s1" name="BingsearchCheck" source="C:\Users\Olli\Desktop\RobotFramework\BingsearchCheck\BingsearchCheck.Robot">
<test id="s1-t1" name="Testi millä haetaan binghaulla." line="17">
<kw name="Open Browser" owner="SeleniumLibrary" type="SETUP">
<msg time="2025-01-21T11:46:25.469516" level="INFO">Opening browser 'chrome' to base url 'https://www.bing.com/'.</msg>
<arg>${sivu}</arg>
<arg>chrome</arg>
<doc>Opens a new browser instance to the optional ``url``.</doc>
<status status="PASS" start="2025-01-21T11:46:25.469295" elapsed="2.051744"/>
</kw>
<kw name="Maximize Browser Window" owner="SeleniumLibrary">
<doc>Maximizes current browser window.</doc>
<status status="PASS" start="2025-01-21T11:46:27.521440" elapsed="0.086956"/>
</kw>
<kw name="Wait Until Page Contains Element" owner="SeleniumLibrary">
<arg>${evästesivu}</arg>
<arg>10s</arg>
<doc>Waits until the element ``locator`` appears on the current page.</doc>
<status status="PASS" start="2025-01-21T11:46:27.608705" elapsed="0.459920"/>
</kw>
<kw name="Execute Javascript" owner="SeleniumLibrary">
<msg time="2025-01-21T11:46:28.069345" level="INFO">Executing JavaScript:
document.getElementById('bnp_btn_accept').click()
Without any arguments.</msg>
<arg>document.getElementById('${eväste}').click()</arg>
<doc>Executes the given JavaScript code with possible arguments.</doc>
<status status="PASS" start="2025-01-21T11:46:28.068922" elapsed="0.019272"/>
</kw>
<kw name="Input Text" owner="SeleniumLibrary">
<msg time="2025-01-21T11:46:28.088922" level="INFO">Typing text 'Testiautomaatio' into text field 'id=sb_form_q'.</msg>
<arg>${nappula}</arg>
<arg>Testiautomaatio</arg>
<doc>Types the given ``text`` into the text field identified by ``locator``.</doc>
<status status="PASS" start="2025-01-21T11:46:28.088586" elapsed="0.173618"/>
</kw>
<kw name="Press Keys" owner="SeleniumLibrary">
<msg time="2025-01-21T11:46:28.263216" level="INFO">Sending key(s) ('RETURN',) to id=sb_form_q element.</msg>
<msg time="2025-01-21T11:46:28.585379" level="INFO">Pressing special key RETURN to element.</msg>
<msg time="2025-01-21T11:46:28.585451" level="INFO">Releasing special key RETURN.</msg>
<arg>${nappula}</arg>
<arg>RETURN</arg>
<doc>Simulates the user pressing key(s) to an element or on the active browser.</doc>
<status status="PASS" start="2025-01-21T11:46:28.262638" elapsed="0.979356"/>
</kw>
<kw name="Wait Until Page Contains" owner="SeleniumLibrary">
<arg>Testiautomaatio</arg>
<arg>10s</arg>
<doc>Waits until ``text`` appears on the current page.</doc>
<status status="PASS" start="2025-01-21T11:46:29.242319" elapsed="0.054334"/>
</kw>
<kw name="Click Element" owner="SeleniumLibrary">
<msg time="2025-01-21T11:46:29.297197" level="INFO">Clicking element '//*[@id="b_results"]/li[3]/div[1]'.</msg>
<arg>${linkki}</arg>
<doc>Click the element identified by ``locator``.</doc>
<status status="PASS" start="2025-01-21T11:46:29.296981" elapsed="0.139236"/>
</kw>
<kw name="Wait Until Page Contains" owner="SeleniumLibrary">
<arg>Testiautomaatio</arg>
<arg>10s</arg>
<doc>Waits until ``text`` appears on the current page.</doc>
<status status="PASS" start="2025-01-21T11:46:29.436526" elapsed="0.029544"/>
</kw>
<kw name="Sleep" owner="BuiltIn">
<msg time="2025-01-21T11:46:32.467725" level="INFO">Slept 3 seconds.</msg>
<arg>3s</arg>
<doc>Pauses the test executed for the given time.</doc>
<status status="PASS" start="2025-01-21T11:46:29.466931" elapsed="3.000887"/>
</kw>
<kw name="Close Browser" owner="SeleniumLibrary" type="TEARDOWN">
<doc>Closes the current browser.</doc>
<status status="PASS" start="2025-01-21T11:46:32.468174" elapsed="2.185255"/>
</kw>
<doc>Etsi binghaulla tietyllä hakusanalla ja tarkista, että ensimmäinen tulos sisältää hakusanan, paina ensimmäistä tulosta.</doc>
<status status="PASS" start="2025-01-21T11:46:25.468257" elapsed="9.185387"/>
</test>
<status status="PASS" start="2025-01-21T11:46:25.195830" elapsed="9.458663"/>
</suite>
<statistics>
<total>
<stat pass="1" fail="0" skip="0">All Tests</stat>
</total>
<tag>
</tag>
<suite>
<stat pass="1" fail="0" skip="0" id="s1" name="BingsearchCheck">BingsearchCheck</stat>
</suite>
</statistics>
<errors>
</errors>
</robot>
