<?xml version="1.0" encoding="UTF-8"?>
<robot generator="Robot 7.1.1 (Python 3.13.1 on win32)" generated="2025-04-09T09:06:31.623034" rpa="false" schemaversion="5">
<suite id="s1" name="SpeedTest" source="C:\Users\Olli\Desktop\RobotFramework\SpeedTest\SpeedTest.robot">
<test id="s1-t1" name="Example Test" line="12">
<kw name="New Page" owner="Browser">
<msg time="2025-04-09T09:06:32.501573" level="INFO">Starting Browser process C:\Users\Olli\AppData\Local\Programs\Python\Python313\Lib\site-packages\Browser\wrapper\index.js using port 60060</msg>
<msg time="2025-04-09T09:06:32.501691" level="INFO">Node startup parameters: ['node', 'C:\\Users\\Olli\\AppData\\Local\\Programs\\Python\\Python313\\Lib\\site-packages\\Browser\\wrapper\\index.js', '60060']</msg>
<msg time="2025-04-09T09:06:35.631909" level="INFO">Successfully initialized new page object and opened url: https://playwright.dev</msg>
<msg time="2025-04-09T09:06:35.631990" level="INFO">No browser and context was open. New browser and context was automatically opened when page is created.</msg>
<arg>${page}</arg>
<tag>BrowserControl</tag>
<tag>Setter</tag>
<doc>Open a new Page.</doc>
<status status="PASS" start="2025-04-09T09:06:32.059037" elapsed="3.573139"/>
</kw>
<kw name="Get Text" owner="Browser">
<msg time="2025-04-09T09:06:35.723422" level="INFO">Text: 'Playwright enables reliable end-to-end testing for modern web apps.'</msg>
<arg>h1</arg>
<arg>contains</arg>
<arg>Playwright</arg>
<tag>Assertion</tag>
<tag>Getter</tag>
<tag>PageContent</tag>
<doc>Returns text attribute of the element found by ``selector``.</doc>
<status status="PASS" start="2025-04-09T09:06:35.632700" elapsed="0.090857"/>
</kw>
<kw name="Click" owner="Browser">
<msg time="2025-04-09T09:06:35.724472" level="INFO">Clicks the element 'css=.getStarted_Sjon'.</msg>
<arg>${button}</arg>
<tag>PageContent</tag>
<tag>Setter</tag>
<doc>Simulates mouse click on the element found by ``selector``.</doc>
<status status="PASS" start="2025-04-09T09:06:35.723917" elapsed="0.100773"/>
</kw>
<status status="PASS" start="2025-04-09T09:06:32.057904" elapsed="3.767152"/>
</test>
<status status="PASS" start="2025-04-09T09:06:31.624466" elapsed="4.234779"/>
</suite>
<statistics>
<total>
<stat pass="1" fail="0" skip="0">All Tests</stat>
</total>
<tag>
</tag>
<suite>
<stat pass="1" fail="0" skip="0" id="s1" name="SpeedTest">SpeedTest</stat>
</suite>
</statistics>
<errors>
</errors>
</robot>
